e:\myc++\directx11\directx11-learn\dx11 learn\draw a triangle\debug\vc141.pdb
e:\myc++\directx11\directx11-learn\dx11 learn\draw a triangle\debug\vc141.idb
e:\myc++\directx11\directx11-learn\dx11 learn\draw a triangle\debug\main.obj
e:\myc++\directx11\directx11-learn\dx11 learn\debug\effects.cso
e:\myc++\directx11\directx11-learn\dx11 learn\debug\draw a triangle.exe
e:\myc++\directx11\directx11-learn\dx11 learn\debug\draw a triangle.ilk
e:\myc++\directx11\directx11-learn\dx11 learn\debug\draw a triangle.pdb
e:\myc++\directx11\directx11-learn\dx11 learn\draw a triangle\debug\draw a triangle.res
e:\myc++\directx11\directx11-learn\dx11 learn\draw a triangle\debug\draw a triangle.tlog\cl.command.1.tlog
e:\myc++\directx11\directx11-learn\dx11 learn\draw a triangle\debug\draw a triangle.tlog\cl.read.1.tlog
e:\myc++\directx11\directx11-learn\dx11 learn\draw a triangle\debug\draw a triangle.tlog\cl.write.1.tlog
e:\myc++\directx11\directx11-learn\dx11 learn\draw a triangle\debug\draw a triangle.tlog\fxc.command.1.tlog
e:\myc++\directx11\directx11-learn\dx11 learn\draw a triangle\debug\draw a triangle.tlog\fxc.read.1.tlog
e:\myc++\directx11\directx11-learn\dx11 learn\draw a triangle\debug\draw a triangle.tlog\fxc.write.1.tlog
e:\myc++\directx11\directx11-learn\dx11 learn\draw a triangle\debug\draw a triangle.tlog\link.command.1.tlog
e:\myc++\directx11\directx11-learn\dx11 learn\draw a triangle\debug\draw a triangle.tlog\link.read.1.tlog
e:\myc++\directx11\directx11-learn\dx11 learn\draw a triangle\debug\draw a triangle.tlog\link.write.1.tlog
e:\myc++\directx11\directx11-learn\dx11 learn\draw a triangle\debug\draw a triangle.tlog\rc.command.1.tlog
e:\myc++\directx11\directx11-learn\dx11 learn\draw a triangle\debug\draw a triangle.tlog\rc.read.1.tlog
e:\myc++\directx11\directx11-learn\dx11 learn\draw a triangle\debug\draw a triangle.tlog\rc.write.1.tlog
