  main.cpp
c:\program files (x86)\microsoft directx sdk (june 2010)\include\dxgitype.h(12): warning C4005: “DXGI_STATUS_OCCLUDED”: 宏重定义
  c:\program files (x86)\windows kits\10\include\10.0.17763.0\shared\winerror.h(55460): note: 参见“DXGI_STATUS_OCCLUDED”的前一个定义
c:\program files (x86)\microsoft directx sdk (june 2010)\include\dxgitype.h(13): warning C4005: “DXGI_STATUS_CLIPPED”: 宏重定义
  c:\program files (x86)\windows kits\10\include\10.0.17763.0\shared\winerror.h(55469): note: 参见“DXGI_STATUS_CLIPPED”的前一个定义
c:\program files (x86)\microsoft directx sdk (june 2010)\include\dxgitype.h(14): warning C4005: “DXGI_STATUS_NO_REDIRECTION”: 宏重定义
  c:\program files (x86)\windows kits\10\include\10.0.17763.0\shared\winerror.h(55478): note: 参见“DXGI_STATUS_NO_REDIRECTION”的前一个定义
c:\program files (x86)\microsoft directx sdk (june 2010)\include\dxgitype.h(15): warning C4005: “DXGI_STATUS_NO_DESKTOP_ACCESS”: 宏重定义
  c:\program files (x86)\windows kits\10\include\10.0.17763.0\shared\winerror.h(55487): note: 参见“DXGI_STATUS_NO_DESKTOP_ACCESS”的前一个定义
c:\program files (x86)\microsoft directx sdk (june 2010)\include\dxgitype.h(16): warning C4005: “DXGI_STATUS_GRAPHICS_VIDPN_SOURCE_IN_USE”: 宏重定义
  c:\program files (x86)\windows kits\10\include\10.0.17763.0\shared\winerror.h(55496): note: 参见“DXGI_STATUS_GRAPHICS_VIDPN_SOURCE_IN_USE”的前一个定义
c:\program files (x86)\microsoft directx sdk (june 2010)\include\dxgitype.h(17): warning C4005: “DXGI_STATUS_MODE_CHANGED”: 宏重定义
  c:\program files (x86)\windows kits\10\include\10.0.17763.0\shared\winerror.h(55505): note: 参见“DXGI_STATUS_MODE_CHANGED”的前一个定义
c:\program files (x86)\microsoft directx sdk (june 2010)\include\dxgitype.h(18): warning C4005: “DXGI_STATUS_MODE_CHANGE_IN_PROGRESS”: 宏重定义
  c:\program files (x86)\windows kits\10\include\10.0.17763.0\shared\winerror.h(55514): note: 参见“DXGI_STATUS_MODE_CHANGE_IN_PROGRESS”的前一个定义
c:\program files (x86)\microsoft directx sdk (june 2010)\include\dxgitype.h(21): warning C4005: “DXGI_ERROR_INVALID_CALL”: 宏重定义
  c:\program files (x86)\windows kits\10\include\10.0.17763.0\shared\winerror.h(55529): note: 参见“DXGI_ERROR_INVALID_CALL”的前一个定义
c:\program files (x86)\microsoft directx sdk (june 2010)\include\dxgitype.h(22): warning C4005: “DXGI_ERROR_NOT_FOUND”: 宏重定义
  c:\program files (x86)\windows kits\10\include\10.0.17763.0\shared\winerror.h(55538): note: 参见“DXGI_ERROR_NOT_FOUND”的前一个定义
c:\program files (x86)\microsoft directx sdk (june 2010)\include\dxgitype.h(23): warning C4005: “DXGI_ERROR_MORE_DATA”: 宏重定义
  c:\program files (x86)\windows kits\10\include\10.0.17763.0\shared\winerror.h(55547): note: 参见“DXGI_ERROR_MORE_DATA”的前一个定义
c:\program files (x86)\microsoft directx sdk (june 2010)\include\dxgitype.h(24): warning C4005: “DXGI_ERROR_UNSUPPORTED”: 宏重定义
  c:\program files (x86)\windows kits\10\include\10.0.17763.0\shared\winerror.h(55556): note: 参见“DXGI_ERROR_UNSUPPORTED”的前一个定义
c:\program files (x86)\microsoft directx sdk (june 2010)\include\dxgitype.h(25): warning C4005: “DXGI_ERROR_DEVICE_REMOVED”: 宏重定义
  c:\program files (x86)\windows kits\10\include\10.0.17763.0\shared\winerror.h(55565): note: 参见“DXGI_ERROR_DEVICE_REMOVED”的前一个定义
c:\program files (x86)\microsoft directx sdk (june 2010)\include\dxgitype.h(26): warning C4005: “DXGI_ERROR_DEVICE_HUNG”: 宏重定义
  c:\program files (x86)\windows kits\10\include\10.0.17763.0\shared\winerror.h(55574): note: 参见“DXGI_ERROR_DEVICE_HUNG”的前一个定义
c:\program files (x86)\microsoft directx sdk (june 2010)\include\dxgitype.h(27): warning C4005: “DXGI_ERROR_DEVICE_RESET”: 宏重定义
  c:\program files (x86)\windows kits\10\include\10.0.17763.0\shared\winerror.h(55584): note: 参见“DXGI_ERROR_DEVICE_RESET”的前一个定义
c:\program files (x86)\microsoft directx sdk (june 2010)\include\dxgitype.h(28): warning C4005: “DXGI_ERROR_WAS_STILL_DRAWING”: 宏重定义
  c:\program files (x86)\windows kits\10\include\10.0.17763.0\shared\winerror.h(55593): note: 参见“DXGI_ERROR_WAS_STILL_DRAWING”的前一个定义
c:\program files (x86)\microsoft directx sdk (june 2010)\include\dxgitype.h(29): warning C4005: “DXGI_ERROR_FRAME_STATISTICS_DISJOINT”: 宏重定义
  c:\program files (x86)\windows kits\10\include\10.0.17763.0\shared\winerror.h(55603): note: 参见“DXGI_ERROR_FRAME_STATISTICS_DISJOINT”的前一个定义
c:\program files (x86)\microsoft directx sdk (june 2010)\include\dxgitype.h(30): warning C4005: “DXGI_ERROR_GRAPHICS_VIDPN_SOURCE_IN_USE”: 宏重定义
  c:\program files (x86)\windows kits\10\include\10.0.17763.0\shared\winerror.h(55612): note: 参见“DXGI_ERROR_GRAPHICS_VIDPN_SOURCE_IN_USE”的前一个定义
c:\program files (x86)\microsoft directx sdk (june 2010)\include\dxgitype.h(31): warning C4005: “DXGI_ERROR_DRIVER_INTERNAL_ERROR”: 宏重定义
  c:\program files (x86)\windows kits\10\include\10.0.17763.0\shared\winerror.h(55622): note: 参见“DXGI_ERROR_DRIVER_INTERNAL_ERROR”的前一个定义
c:\program files (x86)\microsoft directx sdk (june 2010)\include\dxgitype.h(32): warning C4005: “DXGI_ERROR_NONEXCLUSIVE”: 宏重定义
  c:\program files (x86)\windows kits\10\include\10.0.17763.0\shared\winerror.h(55631): note: 参见“DXGI_ERROR_NONEXCLUSIVE”的前一个定义
c:\program files (x86)\microsoft directx sdk (june 2010)\include\dxgitype.h(33): warning C4005: “DXGI_ERROR_NOT_CURRENTLY_AVAILABLE”: 宏重定义
  c:\program files (x86)\windows kits\10\include\10.0.17763.0\shared\winerror.h(55640): note: 参见“DXGI_ERROR_NOT_CURRENTLY_AVAILABLE”的前一个定义
c:\program files (x86)\microsoft directx sdk (june 2010)\include\dxgitype.h(34): warning C4005: “DXGI_ERROR_REMOTE_CLIENT_DISCONNECTED”: 宏重定义
  c:\program files (x86)\windows kits\10\include\10.0.17763.0\shared\winerror.h(55650): note: 参见“DXGI_ERROR_REMOTE_CLIENT_DISCONNECTED”的前一个定义
c:\program files (x86)\microsoft directx sdk (june 2010)\include\dxgitype.h(35): warning C4005: “DXGI_ERROR_REMOTE_OUTOFMEMORY”: 宏重定义
  c:\program files (x86)\windows kits\10\include\10.0.17763.0\shared\winerror.h(55659): note: 参见“DXGI_ERROR_REMOTE_OUTOFMEMORY”的前一个定义
c:\program files (x86)\microsoft directx sdk (june 2010)\include\d3d11.h(917): warning C4005: “D3D11_ERROR_TOO_MANY_UNIQUE_STATE_OBJECTS”: 宏重定义
  c:\program files (x86)\windows kits\10\include\10.0.17763.0\shared\winerror.h(55923): note: 参见“D3D11_ERROR_TOO_MANY_UNIQUE_STATE_OBJECTS”的前一个定义
c:\program files (x86)\microsoft directx sdk (june 2010)\include\d3d11.h(918): warning C4005: “D3D11_ERROR_FILE_NOT_FOUND”: 宏重定义
  c:\program files (x86)\windows kits\10\include\10.0.17763.0\shared\winerror.h(55932): note: 参见“D3D11_ERROR_FILE_NOT_FOUND”的前一个定义
c:\program files (x86)\microsoft directx sdk (june 2010)\include\d3d11.h(919): warning C4005: “D3D11_ERROR_TOO_MANY_UNIQUE_VIEW_OBJECTS”: 宏重定义
  c:\program files (x86)\windows kits\10\include\10.0.17763.0\shared\winerror.h(55942): note: 参见“D3D11_ERROR_TOO_MANY_UNIQUE_VIEW_OBJECTS”的前一个定义
c:\program files (x86)\microsoft directx sdk (june 2010)\include\d3d11.h(920): warning C4005: “D3D11_ERROR_DEFERRED_CONTEXT_MAP_WITHOUT_INITIAL_DISCARD”: 宏重定义
  c:\program files (x86)\windows kits\10\include\10.0.17763.0\shared\winerror.h(55951): note: 参见“D3D11_ERROR_DEFERRED_CONTEXT_MAP_WITHOUT_INITIAL_DISCARD”的前一个定义
c:\program files (x86)\microsoft directx sdk (june 2010)\include\d3d10.h(608): warning C4005: “D3D10_ERROR_TOO_MANY_UNIQUE_STATE_OBJECTS”: 宏重定义
  c:\program files (x86)\windows kits\10\include\10.0.17763.0\shared\winerror.h(55899): note: 参见“D3D10_ERROR_TOO_MANY_UNIQUE_STATE_OBJECTS”的前一个定义
c:\program files (x86)\microsoft directx sdk (june 2010)\include\d3d10.h(609): warning C4005: “D3D10_ERROR_FILE_NOT_FOUND”: 宏重定义
  c:\program files (x86)\windows kits\10\include\10.0.17763.0\shared\winerror.h(55908): note: 参见“D3D10_ERROR_FILE_NOT_FOUND”的前一个定义
c:\program files (x86)\microsoft directx sdk (june 2010)\include\xnamath.h(2662): warning C4838: 从“unsigned int”转换到“INT”需要收缩转换
c:\program files (x86)\microsoft directx sdk (june 2010)\include\xnamath.h(2663): warning C4838: 从“unsigned int”转换到“INT”需要收缩转换
c:\program files (x86)\microsoft directx sdk (june 2010)\include\xnamath.h(2664): warning C4838: 从“unsigned int”转换到“INT”需要收缩转换
c:\program files (x86)\microsoft directx sdk (june 2010)\include\xnamath.h(2665): warning C4838: 从“unsigned int”转换到“INT”需要收缩转换
c:\program files (x86)\microsoft directx sdk (june 2010)\include\xnamath.h(2666): warning C4838: 从“unsigned int”转换到“INT”需要收缩转换
c:\program files (x86)\microsoft directx sdk (june 2010)\include\xnamath.h(2667): warning C4838: 从“unsigned int”转换到“INT”需要收缩转换
c:\program files (x86)\microsoft directx sdk (june 2010)\include\xnamath.h(2668): warning C4838: 从“unsigned int”转换到“INT”需要收缩转换
c:\program files (x86)\microsoft directx sdk (june 2010)\include\xnamath.h(2689): warning C4838: 从“unsigned int”转换到“INT”需要收缩转换
c:\program files (x86)\microsoft directx sdk (june 2010)\include\xnamath.h(2690): warning C4838: 从“unsigned int”转换到“INT”需要收缩转换
c:\program files (x86)\microsoft directx sdk (june 2010)\include\xnamath.h(2691): warning C4838: 从“unsigned int”转换到“INT”需要收缩转换
c:\program files (x86)\microsoft directx sdk (june 2010)\include\xnamath.h(2694): warning C4838: 从“unsigned int”转换到“INT”需要收缩转换
c:\program files (x86)\microsoft directx sdk (june 2010)\include\xnamath.h(2695): warning C4838: 从“unsigned int”转换到“INT”需要收缩转换
c:\program files (x86)\microsoft directx sdk (june 2010)\include\xnamath.h(2698): warning C4838: 从“unsigned int”转换到“INT”需要收缩转换
c:\program files (x86)\microsoft directx sdk (june 2010)\include\xnamath.h(2702): warning C4838: 从“unsigned int”转换到“INT”需要收缩转换
c:\program files (x86)\microsoft directx sdk (june 2010)\include\xnamath.h(2712): warning C4838: 从“unsigned int”转换到“INT”需要收缩转换
c:\program files (x86)\microsoft directx sdk (june 2010)\include\xnamath.h(2713): warning C4838: 从“unsigned int”转换到“INT”需要收缩转换
c:\program files (x86)\microsoft directx sdk (june 2010)\include\xnamath.h(2715): warning C4838: 从“unsigned int”转换到“INT”需要收缩转换
c:\program files (x86)\microsoft directx sdk (june 2010)\include\xnamath.h(2716): warning C4838: 从“unsigned int”转换到“INT”需要收缩转换
c:\program files (x86)\microsoft directx sdk (june 2010)\include\xnamath.h(2717): warning C4838: 从“unsigned int”转换到“INT”需要收缩转换
c:\program files (x86)\microsoft directx sdk (june 2010)\include\xnamath.h(2727): warning C4838: 从“unsigned int”转换到“INT”需要收缩转换
c:\program files (x86)\microsoft directx sdk (june 2010)\include\xnamath.h(2728): warning C4838: 从“unsigned int”转换到“INT”需要收缩转换
c:\program files (x86)\microsoft directx sdk (june 2010)\include\xnamath.h(2729): warning C4838: 从“unsigned int”转换到“INT”需要收缩转换
c:\program files (x86)\microsoft directx sdk (june 2010)\include\xnamath.h(2730): warning C4838: 从“unsigned int”转换到“INT”需要收缩转换
c:\program files (x86)\microsoft directx sdk (june 2010)\include\xnamath.h(2731): warning C4838: 从“unsigned int”转换到“INT”需要收缩转换
c:\program files (x86)\microsoft directx sdk (june 2010)\include\xnamath.h(2732): warning C4838: 从“unsigned int”转换到“INT”需要收缩转换
c:\program files (x86)\microsoft directx sdk (june 2010)\include\xnamath.h(2742): warning C4838: 从“unsigned int”转换到“INT”需要收缩转换
c:\program files (x86)\microsoft directx sdk (june 2010)\include\xnamath.h(2743): warning C4838: 从“unsigned int”转换到“INT”需要收缩转换
c:\program files (x86)\microsoft directx sdk (june 2010)\include\xnamath.h(2754): warning C4838: 从“unsigned int”转换到“INT”需要收缩转换
c:\program files (x86)\microsoft directx sdk (june 2010)\include\xnamathconvert.inl(2254): warning C4838: 从“unsigned int”转换到“INT”需要收缩转换
c:\program files (x86)\microsoft directx sdk (june 2010)\include\xnamathconvert.inl(4523): warning C4838: 从“unsigned int”转换到“INT”需要收缩转换
c:\program files (x86)\microsoft directx sdk (june 2010)\include\xnamathconvert.inl(4577): warning C4838: 从“unsigned int”转换到“INT”需要收缩转换
c:\program files (x86)\microsoft directx sdk (june 2010)\include\xnamathconvert.inl(4639): warning C4838: 从“unsigned int”转换到“INT”需要收缩转换
c:\program files (x86)\microsoft directx sdk (june 2010)\include\xnamathconvert.inl(4707): warning C4838: 从“unsigned int”转换到“INT”需要收缩转换
c:\program files (x86)\microsoft directx sdk (june 2010)\include\xnamathconvert.inl(4770): warning C4838: 从“unsigned int”转换到“INT”需要收缩转换
c:\program files (x86)\microsoft directx sdk (june 2010)\include\xnamathconvert.inl(4832): warning C4838: 从“unsigned int”转换到“INT”需要收缩转换
c:\program files (x86)\microsoft directx sdk (june 2010)\include\xnamathvector.inl(1269): warning C4838: 从“unsigned int”转换到“INT”需要收缩转换
c:\program files (x86)\microsoft directx sdk (june 2010)\include\xnamathmisc.inl(518): warning C4838: 从“unsigned int”转换到“INT”需要收缩转换
c:\program files (x86)\microsoft directx sdk (june 2010)\include\xnamathmisc.inl(519): warning C4838: 从“unsigned int”转换到“INT”需要收缩转换
c:\program files (x86)\microsoft directx sdk (june 2010)\include\d2derr.h(59): warning C4005: “D2DERR_WRONG_STATE”: 宏重定义
  c:\program files (x86)\windows kits\10\include\10.0.17763.0\shared\winerror.h(55988): note: 参见“D2DERR_WRONG_STATE”的前一个定义
c:\program files (x86)\microsoft directx sdk (june 2010)\include\d2derr.h(64): warning C4005: “D2DERR_NOT_INITIALIZED”: 宏重定义
  c:\program files (x86)\windows kits\10\include\10.0.17763.0\shared\winerror.h(55997): note: 参见“D2DERR_NOT_INITIALIZED”的前一个定义
c:\program files (x86)\microsoft directx sdk (june 2010)\include\d2derr.h(69): warning C4005: “D2DERR_UNSUPPORTED_OPERATION”: 宏重定义
  c:\program files (x86)\windows kits\10\include\10.0.17763.0\shared\winerror.h(56006): note: 参见“D2DERR_UNSUPPORTED_OPERATION”的前一个定义
c:\program files (x86)\microsoft directx sdk (june 2010)\include\d2derr.h(74): warning C4005: “D2DERR_SCANNER_FAILED”: 宏重定义
  c:\program files (x86)\windows kits\10\include\10.0.17763.0\shared\winerror.h(56015): note: 参见“D2DERR_SCANNER_FAILED”的前一个定义
c:\program files (x86)\microsoft directx sdk (june 2010)\include\d2derr.h(79): warning C4005: “D2DERR_SCREEN_ACCESS_DENIED”: 宏重定义
  c:\program files (x86)\windows kits\10\include\10.0.17763.0\shared\winerror.h(56024): note: 参见“D2DERR_SCREEN_ACCESS_DENIED”的前一个定义
c:\program files (x86)\microsoft directx sdk (june 2010)\include\d2derr.h(84): warning C4005: “D2DERR_DISPLAY_STATE_INVALID”: 宏重定义
  c:\program files (x86)\windows kits\10\include\10.0.17763.0\shared\winerror.h(56033): note: 参见“D2DERR_DISPLAY_STATE_INVALID”的前一个定义
c:\program files (x86)\microsoft directx sdk (june 2010)\include\d2derr.h(89): warning C4005: “D2DERR_ZERO_VECTOR”: 宏重定义
  c:\program files (x86)\windows kits\10\include\10.0.17763.0\shared\winerror.h(56042): note: 参见“D2DERR_ZERO_VECTOR”的前一个定义
c:\program files (x86)\microsoft directx sdk (june 2010)\include\d2derr.h(97): warning C4005: “D2DERR_INTERNAL_ERROR”: 宏重定义
  c:\program files (x86)\windows kits\10\include\10.0.17763.0\shared\winerror.h(56051): note: 参见“D2DERR_INTERNAL_ERROR”的前一个定义
c:\program files (x86)\microsoft directx sdk (june 2010)\include\d2derr.h(103): warning C4005: “D2DERR_DISPLAY_FORMAT_NOT_SUPPORTED”: 宏重定义
  c:\program files (x86)\windows kits\10\include\10.0.17763.0\shared\winerror.h(56060): note: 参见“D2DERR_DISPLAY_FORMAT_NOT_SUPPORTED”的前一个定义
c:\program files (x86)\microsoft directx sdk (june 2010)\include\d2derr.h(108): warning C4005: “D2DERR_INVALID_CALL”: 宏重定义
  c:\program files (x86)\windows kits\10\include\10.0.17763.0\shared\winerror.h(56069): note: 参见“D2DERR_INVALID_CALL”的前一个定义
c:\program files (x86)\microsoft directx sdk (june 2010)\include\d2derr.h(113): warning C4005: “D2DERR_NO_HARDWARE_DEVICE”: 宏重定义
  c:\program files (x86)\windows kits\10\include\10.0.17763.0\shared\winerror.h(56078): note: 参见“D2DERR_NO_HARDWARE_DEVICE”的前一个定义
c:\program files (x86)\microsoft directx sdk (june 2010)\include\d2derr.h(119): warning C4005: “D2DERR_RECREATE_TARGET”: 宏重定义
  c:\program files (x86)\windows kits\10\include\10.0.17763.0\shared\winerror.h(56087): note: 参见“D2DERR_RECREATE_TARGET”的前一个定义
c:\program files (x86)\microsoft directx sdk (june 2010)\include\d2derr.h(124): warning C4005: “D2DERR_TOO_MANY_SHADER_ELEMENTS”: 宏重定义
  c:\program files (x86)\windows kits\10\include\10.0.17763.0\shared\winerror.h(56096): note: 参见“D2DERR_TOO_MANY_SHADER_ELEMENTS”的前一个定义
c:\program files (x86)\microsoft directx sdk (june 2010)\include\d2derr.h(129): warning C4005: “D2DERR_SHADER_COMPILE_FAILED”: 宏重定义
  c:\program files (x86)\windows kits\10\include\10.0.17763.0\shared\winerror.h(56105): note: 参见“D2DERR_SHADER_COMPILE_FAILED”的前一个定义
c:\program files (x86)\microsoft directx sdk (june 2010)\include\d2derr.h(134): warning C4005: “D2DERR_MAX_TEXTURE_SIZE_EXCEEDED”: 宏重定义
  c:\program files (x86)\windows kits\10\include\10.0.17763.0\shared\winerror.h(56114): note: 参见“D2DERR_MAX_TEXTURE_SIZE_EXCEEDED”的前一个定义
c:\program files (x86)\microsoft directx sdk (june 2010)\include\d2derr.h(139): warning C4005: “D2DERR_UNSUPPORTED_VERSION”: 宏重定义
  c:\program files (x86)\windows kits\10\include\10.0.17763.0\shared\winerror.h(56123): note: 参见“D2DERR_UNSUPPORTED_VERSION”的前一个定义
c:\program files (x86)\microsoft directx sdk (june 2010)\include\d2derr.h(144): warning C4005: “D2DERR_BAD_NUMBER”: 宏重定义
  c:\program files (x86)\windows kits\10\include\10.0.17763.0\shared\winerror.h(56132): note: 参见“D2DERR_BAD_NUMBER”的前一个定义
c:\program files (x86)\microsoft directx sdk (june 2010)\include\d2derr.h(149): warning C4005: “D2DERR_WRONG_FACTORY”: 宏重定义
  c:\program files (x86)\windows kits\10\include\10.0.17763.0\shared\winerror.h(56141): note: 参见“D2DERR_WRONG_FACTORY”的前一个定义
c:\program files (x86)\microsoft directx sdk (june 2010)\include\d2derr.h(154): warning C4005: “D2DERR_LAYER_ALREADY_IN_USE”: 宏重定义
  c:\program files (x86)\windows kits\10\include\10.0.17763.0\shared\winerror.h(56150): note: 参见“D2DERR_LAYER_ALREADY_IN_USE”的前一个定义
c:\program files (x86)\microsoft directx sdk (june 2010)\include\d2derr.h(159): warning C4005: “D2DERR_POP_CALL_DID_NOT_MATCH_PUSH”: 宏重定义
  c:\program files (x86)\windows kits\10\include\10.0.17763.0\shared\winerror.h(56159): note: 参见“D2DERR_POP_CALL_DID_NOT_MATCH_PUSH”的前一个定义
c:\program files (x86)\microsoft directx sdk (june 2010)\include\d2derr.h(164): warning C4005: “D2DERR_WRONG_RESOURCE_DOMAIN”: 宏重定义
  c:\program files (x86)\windows kits\10\include\10.0.17763.0\shared\winerror.h(56168): note: 参见“D2DERR_WRONG_RESOURCE_DOMAIN”的前一个定义
c:\program files (x86)\microsoft directx sdk (june 2010)\include\d2derr.h(169): warning C4005: “D2DERR_PUSH_POP_UNBALANCED”: 宏重定义
  c:\program files (x86)\windows kits\10\include\10.0.17763.0\shared\winerror.h(56177): note: 参见“D2DERR_PUSH_POP_UNBALANCED”的前一个定义
c:\program files (x86)\microsoft directx sdk (june 2010)\include\d2derr.h(174): warning C4005: “D2DERR_RENDER_TARGET_HAS_LAYER_OR_CLIPRECT”: 宏重定义
  c:\program files (x86)\windows kits\10\include\10.0.17763.0\shared\winerror.h(56186): note: 参见“D2DERR_RENDER_TARGET_HAS_LAYER_OR_CLIPRECT”的前一个定义
c:\program files (x86)\microsoft directx sdk (june 2010)\include\d2derr.h(179): warning C4005: “D2DERR_INCOMPATIBLE_BRUSH_TYPES”: 宏重定义
  c:\program files (x86)\windows kits\10\include\10.0.17763.0\shared\winerror.h(56195): note: 参见“D2DERR_INCOMPATIBLE_BRUSH_TYPES”的前一个定义
c:\program files (x86)\microsoft directx sdk (june 2010)\include\d2derr.h(184): warning C4005: “D2DERR_WIN32_ERROR”: 宏重定义
  c:\program files (x86)\windows kits\10\include\10.0.17763.0\shared\winerror.h(56204): note: 参见“D2DERR_WIN32_ERROR”的前一个定义
c:\program files (x86)\microsoft directx sdk (june 2010)\include\d2derr.h(189): warning C4005: “D2DERR_TARGET_NOT_GDI_COMPATIBLE”: 宏重定义
  c:\program files (x86)\windows kits\10\include\10.0.17763.0\shared\winerror.h(56213): note: 参见“D2DERR_TARGET_NOT_GDI_COMPATIBLE”的前一个定义
c:\program files (x86)\microsoft directx sdk (june 2010)\include\d2derr.h(194): warning C4005: “D2DERR_TEXT_EFFECT_IS_WRONG_TYPE”: 宏重定义
  c:\program files (x86)\windows kits\10\include\10.0.17763.0\shared\winerror.h(56222): note: 参见“D2DERR_TEXT_EFFECT_IS_WRONG_TYPE”的前一个定义
c:\program files (x86)\microsoft directx sdk (june 2010)\include\d2derr.h(201): warning C4005: “D2DERR_TEXT_RENDERER_NOT_RELEASED”: 宏重定义
  c:\program files (x86)\windows kits\10\include\10.0.17763.0\shared\winerror.h(56231): note: 参见“D2DERR_TEXT_RENDERER_NOT_RELEASED”的前一个定义
c:\program files (x86)\microsoft directx sdk (june 2010)\include\d2derr.h(206): warning C4005: “D2DERR_EXCEEDS_MAX_BITMAP_SIZE”: 宏重定义
  c:\program files (x86)\windows kits\10\include\10.0.17763.0\shared\winerror.h(56240): note: 参见“D2DERR_EXCEEDS_MAX_BITMAP_SIZE”的前一个定义
c:\program files (x86)\microsoft directx sdk (june 2010)\include\dwrite.h(4962): warning C4005: “DWRITE_E_FILEFORMAT”: 宏重定义
  c:\program files (x86)\windows kits\10\include\10.0.17763.0\shared\winerror.h(56407): note: 参见“DWRITE_E_FILEFORMAT”的前一个定义
c:\program files (x86)\microsoft directx sdk (june 2010)\include\dwrite.h(4967): warning C4005: “DWRITE_E_UNEXPECTED”: 宏重定义
  c:\program files (x86)\windows kits\10\include\10.0.17763.0\shared\winerror.h(56416): note: 参见“DWRITE_E_UNEXPECTED”的前一个定义
c:\program files (x86)\microsoft directx sdk (june 2010)\include\dwrite.h(4972): warning C4005: “DWRITE_E_NOFONT”: 宏重定义
  c:\program files (x86)\windows kits\10\include\10.0.17763.0\shared\winerror.h(56425): note: 参见“DWRITE_E_NOFONT”的前一个定义
c:\program files (x86)\microsoft directx sdk (june 2010)\include\dwrite.h(4978): warning C4005: “DWRITE_E_FILENOTFOUND”: 宏重定义
  c:\program files (x86)\windows kits\10\include\10.0.17763.0\shared\winerror.h(56434): note: 参见“DWRITE_E_FILENOTFOUND”的前一个定义
c:\program files (x86)\microsoft directx sdk (june 2010)\include\dwrite.h(4983): warning C4005: “DWRITE_E_FILEACCESS”: 宏重定义
  c:\program files (x86)\windows kits\10\include\10.0.17763.0\shared\winerror.h(56443): note: 参见“DWRITE_E_FILEACCESS”的前一个定义
c:\program files (x86)\microsoft directx sdk (june 2010)\include\dwrite.h(4988): warning C4005: “DWRITE_E_FONTCOLLECTIONOBSOLETE”: 宏重定义
  c:\program files (x86)\windows kits\10\include\10.0.17763.0\shared\winerror.h(56452): note: 参见“DWRITE_E_FONTCOLLECTIONOBSOLETE”的前一个定义
c:\program files (x86)\microsoft directx sdk (june 2010)\include\dwrite.h(4993): warning C4005: “DWRITE_E_ALREADYREGISTERED”: 宏重定义
  c:\program files (x86)\windows kits\10\include\10.0.17763.0\shared\winerror.h(56461): note: 参见“DWRITE_E_ALREADYREGISTERED”的前一个定义
e:\myc++\directx11\directx11-learn\dx11 learn\high resolution timer\main.cpp(738): warning C4244: “=”: 从“float”转换到“__int64”，可能丢失数据
e:\myc++\directx11\directx11-learn\dx11 learn\high resolution timer\main.cpp(750): warning C4244: “+=”: 从“double”转换到“float”，可能丢失数据
  High Resolution Timer.vcxproj -> E:\MyC++\DirectX11\DirectX11-learn\Dx11 Learn\Debug\High Resolution Timer.exe
